{"total": {"lines":{"total":172,"covered":125,"skipped":0,"pct":72.67},"statements":{"total":173,"covered":126,"skipped":0,"pct":72.83},"functions":{"total":22,"covered":18,"skipped":0,"pct":81.81},"branches":{"total":36,"covered":19,"skipped":0,"pct":52.77},"branchesTrue":{"total":0,"covered":0,"skipped":0,"pct":100}}
,"/home/rachel/My-brand-API/server.js": {"lines":{"total":17,"covered":17,"skipped":0,"pct":100},"functions":{"total":2,"covered":2,"skipped":0,"pct":100},"statements":{"total":18,"covered":18,"skipped":0,"pct":100},"branches":{"total":0,"covered":0,"skipped":0,"pct":100}}
,"/home/rachel/My-brand-API/config/dbConn.js": {"lines":{"total":4,"covered":3,"skipped":0,"pct":75},"functions":{"total":1,"covered":1,"skipped":0,"pct":100},"statements":{"total":4,"covered":3,"skipped":0,"pct":75},"branches":{"total":0,"covered":0,"skipped":0,"pct":100}}
,"/home/rachel/My-brand-API/controlers/blog.js": {"lines":{"total":41,"covered":30,"skipped":0,"pct":73.17},"functions":{"total":5,"covered":5,"skipped":0,"pct":100},"statements":{"total":41,"covered":30,"skipped":0,"pct":73.17},"branches":{"total":14,"covered":8,"skipped":0,"pct":57.14}}
,"/home/rachel/My-brand-API/controlers/comment.js": {"lines":{"total":22,"covered":16,"skipped":0,"pct":72.72},"functions":{"total":3,"covered":3,"skipped":0,"pct":100},"statements":{"total":22,"covered":16,"skipped":0,"pct":72.72},"branches":{"total":6,"covered":3,"skipped":0,"pct":50}}
,"/home/rachel/My-brand-API/controlers/message.js": {"lines":{"total":22,"covered":13,"skipped":0,"pct":59.09},"functions":{"total":3,"covered":2,"skipped":0,"pct":66.66},"statements":{"total":22,"covered":13,"skipped":0,"pct":59.09},"branches":{"total":6,"covered":3,"skipped":0,"pct":50}}
,"/home/rachel/My-brand-API/coverage-ts/assets/source-file.js": {"lines":{"total":14,"covered":0,"skipped":0,"pct":0},"functions":{"total":3,"covered":0,"skipped":0,"pct":0},"statements":{"total":14,"covered":0,"skipped":0,"pct":0},"branches":{"total":2,"covered":0,"skipped":0,"pct":0}}
,"/home/rachel/My-brand-API/models/blog.js": {"lines":{"total":1,"covered":1,"skipped":0,"pct":100},"functions":{"total":0,"covered":0,"skipped":0,"pct":100},"statements":{"total":1,"covered":1,"skipped":0,"pct":100},"branches":{"total":0,"covered":0,"skipped":0,"pct":100}}
,"/home/rachel/My-brand-API/models/comment.js": {"lines":{"total":1,"covered":1,"skipped":0,"pct":100},"functions":{"total":0,"covered":0,"skipped":0,"pct":100},"statements":{"total":1,"covered":1,"skipped":0,"pct":100},"branches":{"total":0,"covered":0,"skipped":0,"pct":100}}
,"/home/rachel/My-brand-API/models/message.js": {"lines":{"total":1,"covered":1,"skipped":0,"pct":100},"functions":{"total":0,"covered":0,"skipped":0,"pct":100},"statements":{"total":1,"covered":1,"skipped":0,"pct":100},"branches":{"total":0,"covered":0,"skipped":0,"pct":100}}
,"/home/rachel/My-brand-API/models/user.js": {"lines":{"total":1,"covered":1,"skipped":0,"pct":100},"functions":{"total":0,"covered":0,"skipped":0,"pct":100},"statements":{"total":1,"covered":1,"skipped":0,"pct":100},"branches":{"total":0,"covered":0,"skipped":0,"pct":100}}
,"/home/rachel/My-brand-API/routes/Auth.js": {"lines":{"total":33,"covered":27,"skipped":0,"pct":81.81},"functions":{"total":5,"covered":5,"skipped":0,"pct":100},"statements":{"total":33,"covered":27,"skipped":0,"pct":81.81},"branches":{"total":8,"covered":5,"skipped":0,"pct":62.5}}
,"/home/rachel/My-brand-API/routes/allblogs.js": {"lines":{"total":2,"covered":2,"skipped":0,"pct":100},"functions":{"total":0,"covered":0,"skipped":0,"pct":100},"statements":{"total":2,"covered":2,"skipped":0,"pct":100},"branches":{"total":0,"covered":0,"skipped":0,"pct":100}}
,"/home/rachel/My-brand-API/routes/blog.js": {"lines":{"total":5,"covered":5,"skipped":0,"pct":100},"functions":{"total":0,"covered":0,"skipped":0,"pct":100},"statements":{"total":5,"covered":5,"skipped":0,"pct":100},"branches":{"total":0,"covered":0,"skipped":0,"pct":100}}
,"/home/rachel/My-brand-API/routes/comment.js": {"lines":{"total":4,"covered":4,"skipped":0,"pct":100},"functions":{"total":0,"covered":0,"skipped":0,"pct":100},"statements":{"total":4,"covered":4,"skipped":0,"pct":100},"branches":{"total":0,"covered":0,"skipped":0,"pct":100}}
,"/home/rachel/My-brand-API/routes/message.js": {"lines":{"total":4,"covered":4,"skipped":0,"pct":100},"functions":{"total":0,"covered":0,"skipped":0,"pct":100},"statements":{"total":4,"covered":4,"skipped":0,"pct":100},"branches":{"total":0,"covered":0,"skipped":0,"pct":100}}
}
